<?xml version="1.0" encoding="UTF-8"?>
<!-- Generated by org.testng.reporters.JUnitXMLReporter -->
<testsuite ignored="0" hostname="Apples-MacBook-Pro.local" failures="0" tests="5" name="Test" time="54.371" errors="0" timestamp="2025-04-03T21:57:08 IST">
  <testcase classname="Assertion.TestScript5" name="clickOnGiftCards" time="1.063"/>
  <testcase classname="Assertion.TestScript3" name="clickOnElectronics" time="1.416"/>
  <testcase classname="Assertion.TestScript4" name="clickOnApparels" time="3.199"/>
  <testcase classname="Assertion.TestScript1" name="clickOnBooks" time="1.17"/>
  <testcase classname="Assertion.TestScript2" name="clickOnComputers" time="0.873"/>
</testsuite> <!-- Test -->
